18:14:22 **** Incremental Build of configuration Debug for project mini_project_3 ****
make all 
Building file: ../mini_project_3.c
Invoking: AVR Compiler
avr-gcc -Wall -g2 -gstabs -O0 -fpack-struct -fshort-enums -ffunction-sections -fdata-sections -std=gnu99 -funsigned-char -funsigned-bitfields -mmcu=atmega16 -DF_CPU=1000000UL -MMD -MP -MF"mini_project_3.d" -MT"mini_project_3.o" -c -o "mini_project_3.o" "../mini_project_3.c"
../mini_project_3.c:26: warning: return type of 'main' is not 'int'
Finished building: ../mini_project_3.c
 
Building target: mini_project_3.elf
Invoking: AVR C Linker
avr-gcc -Wl,-Map,mini_project_3.map -mmcu=atmega16 -o "mini_project_3.elf"  ./adc.o ./dc_motor.o ./gpio.o ./lcd.o ./lm35_sensor.o ./mini_project_3.o ./pwm.o   
Finished building target: mini_project_3.elf
 
Invoking: AVR Create Extended Listing
avr-objdump -h -S mini_project_3.elf  >"mini_project_3.lss"
Finished building: mini_project_3.lss
 
Invoking: Print Size
avr-size --format=avr --mcu=atmega16 mini_project_3.elf
AVR Memory Usage
----------------
Device: atmega16

Program:    9584 bytes (58.5% Full)
(.text + .data + .bootloader)

Data:        305 bytes (29.8% Full)
(.data + .bss + .noinit)


Finished building: sizedummy
 

18:14:23 Build Finished. 0 errors, 1 warnings. (took 1s.210ms)

